<?xml version="1.0" encoding="UTF-8"?>
<testng-results ignored="0" total="1" passed="1" failed="0" skipped="0">
  <reporter-output>
  </reporter-output>
  <suite started-at="2023-01-08T17:52:37 IST" name="Default suite" finished-at="2023-01-08T17:52:43 IST" duration-ms="6258">
    <groups>
    </groups>
    <test started-at="2023-01-08T17:52:37 IST" name="Default test" finished-at="2023-01-08T17:52:43 IST" duration-ms="6258">
      <class name="rahulshettyacademy.ExtentReports.ExtentReportDemo">
        <test-method is-config="true" signature="config()[pri:0, instance:rahulshettyacademy.ExtentReports.ExtentReportDemo@70e9c95d]" started-at="2023-01-08T17:52:37 IST" name="config" finished-at="2023-01-08T17:52:37 IST" duration-ms="343" status="PASS">
          <reporter-output>
          </reporter-output>
        </test-method> <!-- config -->
        <test-method signature="intialDemo()[pri:0, instance:rahulshettyacademy.ExtentReports.ExtentReportDemo@70e9c95d]" started-at="2023-01-08T17:52:37 IST" name="intialDemo" finished-at="2023-01-08T17:52:43 IST" duration-ms="5862" status="PASS">
          <reporter-output>
          </reporter-output>
        </test-method> <!-- intialDemo -->
      </class> <!-- rahulshettyacademy.ExtentReports.ExtentReportDemo -->
    </test> <!-- Default test -->
  </suite> <!-- Default suite -->
</testng-results>
